2025-01-17 08:38:00 ::1 (pid 9224) :Pri:HS: Echec mysqli_connect. Erreur : No connection could be made because the target machine actively refused it
2025-01-17 08:38:00 ::1 (pid 9224) :Pri:HS: Echec connexion serveur mysql : host[localhost] port[] login[root] base[globalmove]
2025-01-17 08:38:00 ::1 (pid 9224) :Pub:HS: Echec mysqli_connect. Erreur : No connection could be made because the target machine actively refused it
2025-01-17 08:38:00 ::1 (pid 9224) :Pub:HS: Echec connexion serveur mysql : host[localhost] port[] login[root] base[globalmove]
2025-01-20 11:53:48 ::1 (pid 8432) :Pri:HS: Echec mysqli_connect. Erreur : No connection could be made because the target machine actively refused it
2025-01-20 11:53:48 ::1 (pid 8432) :Pri:HS: Echec connexion serveur mysql : host[localhost] port[] login[root] base[globalmove]
2025-01-20 11:53:52 ::1 (pid 8432) :Pub:HS: Echec mysqli_connect. Erreur : No connection could be made because the target machine actively refused it
2025-01-20 11:53:52 ::1 (pid 8432) :Pub:HS: Echec connexion serveur mysql : host[localhost] port[] login[root] base[globalmove]
2025-01-20 19:15:48 ::1 (pid 5888) :Pub:HS: Echec mysqli_connect. Erreur : No connection could be made because the target machine actively refused it
2025-01-20 19:15:48 ::1 (pid 5888) :Pub:HS: Echec connexion serveur mysql : host[localhost] port[] login[root] base[globalmove]
2025-01-22 08:45:46 ::1 (pid 13136) :Pri:HS: Echec mysqli_connect. Erreur : No connection could be made because the target machine actively refused it
2025-01-22 08:45:46 ::1 (pid 13136) :Pri:HS: Echec connexion serveur mysql : host[localhost] port[] login[root] base[globalmove]
2025-01-23 07:57:39 ::1 (pid 4200) :Pub:HS: Echec mysqli_connect. Erreur : No connection could be made because the target machine actively refused it
2025-01-23 07:57:39 ::1 (pid 4200) :Pub:HS: Echec connexion serveur mysql : host[localhost] port[] login[root] base[globalmove]
2025-01-23 07:57:39 ::1 (pid 4200) :Pri:HS: Echec mysqli_connect. Erreur : No connection could be made because the target machine actively refused it
2025-01-23 07:57:39 ::1 (pid 4200) :Pri:HS: Echec connexion serveur mysql : host[localhost] port[] login[root] base[globalmove]
2025-01-23 07:57:39 ::1 (pid 4200) :Pub:HS: Echec mysqli_connect. Erreur : No connection could be made because the target machine actively refused it
2025-01-23 07:57:39 ::1 (pid 4200) :Pub:HS: Echec connexion serveur mysql : host[localhost] port[] login[root] base[globalmove]
2025-01-24 08:19:29 ::1 (pid 2216) :Pri:HS: Echec mysqli_connect. Erreur : No connection could be made because the target machine actively refused it
2025-01-24 08:19:29 ::1 (pid 2216) :Pri:HS: Echec connexion serveur mysql : host[localhost] port[] login[root] base[globalmove]
2025-01-27 12:02:06 127.0.0.1 (pid 6120) :Pri:HS: Echec mysqli_connect. Erreur : No connection could be made because the target machine actively refused it
2025-01-27 12:02:07 127.0.0.1 (pid 6120) :Pri:HS: Echec connexion serveur mysql : host[localhost] port[] login[root] base[globalmove]
